[LOG] System::create                           : Header version = 2.02.26. Current version = 2.02.26.
[LOG] Manager::init                            : maxchannels = 256 studioflags = 00000006 flags 00000000 extradriverdata 0000000000000000.
[LOG] SystemI::init                            : Initialize version=20226 (148250), maxchannels=256, flags=0x00020000
[LOG] SystemI::setOutputInternal               : Setting output to 'FMOD WASAPI Output'
[LOG] OutputWASAPI::init                       : Mix Format (WAVEFORMATEX): wFormatTag=0xFFFE, nChannels=2, nSamplesPerSec=48000, nAvgBytesPerSec=384000, nBlockAlign=8, wBitsPerSample=32, cbSize=22.
[LOG] OutputWASAPI::init                       : Mix Format (WAVEFORMATEXTENSIBLE): wValidBitsPerSample=32, dwChannelMask=0x00000003, SubFormat=00000003-0000-0010-8000-00AA00389B71.
[LOG] OutputWASAPI::init                       : Output buffer size: 4096 samples, latency: 0.00ms, period: 10.00ms, DSP buffer: 1024 * 4
[LOG] Thread::initThread                       : Init FMOD stream thread. Affinity: 0x4000000000000003, Priority: 0xFFFF7FFB, Stack Size: 98304, Semaphore: No, Sleep Time: 10, Looping: Yes.
[LOG] Thread::initThread                       : Init FMOD mixer thread. Affinity: 0x4000000000000001, Priority: 0xFFFF7FFA, Stack Size: 81920, Semaphore: No, Sleep Time: 0, Looping: Yes.
[LOG] AsyncManager::init                       : manager 0000023E39545A78 isAsync 0 updatePeriod 0.02
[LOG] AsyncManager::init                       : done
[LOG] PlaybackSystem::init                     : 
[LOG] Thread::initThread                       : Init FMOD Studio sample load thread. Affinity: 0x4000000000000003, Priority: 0xFFFF7FFD, Stack Size: 98304, Semaphore: No, Sleep Time: 1, Looping: No.
[LOG] PlaybackSystem::init                     : done
[LOG] Thread::initThread                       : Init FMOD Studio bank load thread. Affinity: 0x4000000000000003, Priority: 0xFFFF7FFD, Stack Size: 98304, Semaphore: No, Sleep Time: 1, Looping: No.
[LOG] Manager::init                            : done.
[LOG] Manager::readBank                        : fileversion = 142, compatVersion = 140 (oldest = 44, newest = 142)
[LOG] Manager::readBank                        : fileversion = 142, compatVersion = 140 (oldest = 44, newest = 142)
[LOG] Manager::readBank                        : fileversion = 142, compatVersion = 140 (oldest = 44, newest = 142)
[LOG] Manager::readBank                        : fileversion = 142, compatVersion = 140 (oldest = 44, newest = 142)
[LOG] Manager::readBank                        : fileversion = 142, compatVersion = 140 (oldest = 44, newest = 142)
[LOG] PlaybackSystem::acquireMasterBus         : Setting master channel group format to 6
[LOG] Manager::readBank                        : fileversion = 142, compatVersion = 140 (oldest = 44, newest = 142)
[LOG] PlaybackSystem::acquireMasterBus         : Setting master channel group format to 6
[LOG] SystemI::createSoundInternal             : Create name='', mode=0x02000202
[LOG] SystemI::createSoundInternal             : exinfo->cbsize             = 224
[LOG] SystemI::createSoundInternal             : exinfo->length             = 375936
[LOG] SystemI::createSoundInternal             : exinfo->fileoffset         = 11488
[LOG] SystemI::createSoundInternal             : exinfo->numsubsounds       = 1
[LOG] SystemI::createSoundInternal             : exinfo->inclusionlist      = 000000CCD40FEEA8
[LOG] SystemI::createSoundInternal             : exinfo->inclusionlistnum   = 1
[LOG] SystemI::createSoundInternal             : exinfo->suggestedsoundtype = 5
[LOG] SystemI::createSoundInternal             : exinfo->useropen           = 00007FF953B65B90
[LOG] SystemI::createSoundInternal             : exinfo->userclose          = 00007FF953B65B50
[LOG] SystemI::createSoundInternal             : exinfo->userread           = 00007FF953B65C70
[LOG] SystemI::createSoundInternal             : exinfo->userseek           = 00007FF953B65D30
[LOG] SystemI::createSoundInternal             : exinfo->fileuserdata       = 0000023D648A59A8
[LOG] SystemI::createSoundInternal             : exinfo->initialseekpostype = 1
[LOG] SystemI::DSPCodecPoolRegister            : register codec pool for pool type 5
[LOG] SystemI::createSoundInternal             : Sample 0/1: name='Fire2', format=5, channels=2, frequency=48000, lengthbytes=7200, lengthpcm=36000, pcmblocksize=0, loopstart=0, loopend=0, mode=0x00000000, channelmask=0x00000000, channelorder=0, peakvolume=0.106085.
[LOG] SystemI::createSoundInternal             : Create name='', mode=0x02000202
[LOG] SystemI::createSoundInternal             : exinfo->cbsize             = 224
[LOG] SystemI::createSoundInternal             : exinfo->length             = 375936
[LOG] SystemI::createSoundInternal             : exinfo->fileoffset         = 11488
[LOG] SystemI::createSoundInternal             : exinfo->numsubsounds       = 1
[LOG] SystemI::createSoundInternal             : exinfo->inclusionlist      = 000000CCD40FEEA8
[LOG] SystemI::createSoundInternal             : exinfo->inclusionlistnum   = 1
[LOG] SystemI::createSoundInternal             : exinfo->suggestedsoundtype = 5
[LOG] SystemI::createSoundInternal             : exinfo->useropen           = 00007FF953B65B90
[LOG] SystemI::createSoundInternal             : exinfo->userclose          = 00007FF953B65B50
[LOG] SystemI::createSoundInternal             : exinfo->userread           = 00007FF953B65C70
[LOG] SystemI::createSoundInternal             : exinfo->userseek           = 00007FF953B65D30
[LOG] SystemI::createSoundInternal             : exinfo->fileuserdata       = 0000023D648A59A8
[LOG] SystemI::createSoundInternal             : exinfo->initialseekpostype = 1
[LOG] SystemI::DSPCodecPoolRegister            : register codec pool for pool type 5
[LOG] SystemI::createSoundInternal             : Sample 0/1: name='Fire3', format=5, channels=2, frequency=48000, lengthbytes=7136, lengthpcm=36000, pcmblocksize=0, loopstart=0, loopend=0, mode=0x00000000, channelmask=0x00000000, channelorder=0, peakvolume=0.083703.
[LOG] SystemI::createSoundInternal             : Create name='', mode=0x02000202
[LOG] SystemI::createSoundInternal             : exinfo->cbsize             = 224
[LOG] SystemI::createSoundInternal             : exinfo->length             = 375936
[LOG] SystemI::createSoundInternal             : exinfo->fileoffset         = 11488
[LOG] SystemI::createSoundInternal             : exinfo->numsubsounds       = 1
[LOG] SystemI::createSoundInternal             : exinfo->inclusionlist      = 000000CCD40FEEA8
[LOG] SystemI::createSoundInternal             : exinfo->inclusionlistnum   = 1
[LOG] SystemI::createSoundInternal             : exinfo->suggestedsoundtype = 5
[LOG] SystemI::createSoundInternal             : exinfo->useropen           = 00007FF953B65B90
[LOG] SystemI::createSoundInternal             : exinfo->userclose          = 00007FF953B65B50
[LOG] SystemI::createSoundInternal             : exinfo->userread           = 00007FF953B65C70
[LOG] SystemI::createSoundInternal             : exinfo->userseek           = 00007FF953B65D30
[LOG] SystemI::createSoundInternal             : exinfo->fileuserdata       = 0000023D648A59A8
[LOG] SystemI::createSoundInternal             : exinfo->initialseekpostype = 1
[LOG] SystemI::DSPCodecPoolRegister            : register codec pool for pool type 5
[LOG] SystemI::createSoundInternal             : Sample 0/1: name='Fire1', format=5, channels=2, frequency=48000, lengthbytes=7328, lengthpcm=36000, pcmblocksize=0, loopstart=0, loopend=0, mode=0x00000000, channelmask=0x00000000, channelorder=0, peakvolume=0.104053.
[LOG] SystemI::createSoundInternal             : Create name='', mode=0x02000202
[LOG] SystemI::createSoundInternal             : exinfo->cbsize             = 224
[LOG] SystemI::createSoundInternal             : exinfo->length             = 375936
[LOG] SystemI::createSoundInternal             : exinfo->fileoffset         = 11488
[LOG] SystemI::createSoundInternal             : exinfo->numsubsounds       = 1
[LOG] SystemI::createSoundInternal             : exinfo->inclusionlist      = 000000CCD40FEEA8
[LOG] SystemI::createSoundInternal             : exinfo->inclusionlistnum   = 1
[LOG] SystemI::createSoundInternal             : exinfo->suggestedsoundtype = 5
[LOG] SystemI::createSoundInternal             : exinfo->useropen           = 00007FF953B65B90
[LOG] SystemI::createSoundInternal             : exinfo->userclose          = 00007FF953B65B50
[LOG] SystemI::createSoundInternal             : exinfo->userread           = 00007FF953B65C70
[LOG] SystemI::createSoundInternal             : exinfo->userseek           = 00007FF953B65D30
[LOG] SystemI::createSoundInternal             : exinfo->fileuserdata       = 0000023D5C7DA428
[LOG] SystemI::createSoundInternal             : exinfo->initialseekpostype = 1
[LOG] SystemI::DSPCodecPoolRegister            : register codec pool for pool type 5
[LOG] SystemI::createSoundInternal             : Sample 0/1: name='DammageEnemy2', format=5, channels=2, frequency=48000, lengthbytes=4736, lengthpcm=36000, pcmblocksize=0, loopstart=0, loopend=0, mode=0x00000000, channelmask=0x00000000, channelorder=0, peakvolume=0.059736.
[LOG] SystemI::createSoundInternal             : Create name='', mode=0x02000202
[LOG] SystemI::createSoundInternal             : exinfo->cbsize             = 224
[LOG] SystemI::createSoundInternal             : exinfo->length             = 375936
[LOG] SystemI::createSoundInternal             : exinfo->fileoffset         = 11488
[LOG] SystemI::createSoundInternal             : exinfo->numsubsounds       = 1
[LOG] SystemI::createSoundInternal             : exinfo->inclusionlist      = 000000CCD40FEEA8
[LOG] SystemI::createSoundInternal             : exinfo->inclusionlistnum   = 1
[LOG] SystemI::createSoundInternal             : exinfo->suggestedsoundtype = 5
[LOG] SystemI::createSoundInternal             : exinfo->useropen           = 00007FF953B65B90
[LOG] SystemI::createSoundInternal             : exinfo->userclose          = 00007FF953B65B50
[LOG] SystemI::createSoundInternal             : exinfo->userread           = 00007FF953B65C70
[LOG] SystemI::createSoundInternal             : exinfo->userseek           = 00007FF953B65D30
[LOG] SystemI::createSoundInternal             : exinfo->fileuserdata       = 0000023D5C7DA428
[LOG] SystemI::createSoundInternal             : exinfo->initialseekpostype = 1
[LOG] SystemI::DSPCodecPoolRegister            : register codec pool for pool type 5
[LOG] SystemI::createSoundInternal             : Sample 0/1: name='DammageEnemy3', format=5, channels=2, frequency=48000, lengthbytes=4544, lengthpcm=36000, pcmblocksize=0, loopstart=0, loopend=0, mode=0x00000000, channelmask=0x00000000, channelorder=0, peakvolume=0.115114.
[LOG] SystemI::createSoundInternal             : Create name='', mode=0x02000202
[LOG] SystemI::createSoundInternal             : exinfo->cbsize             = 224
[LOG] SystemI::createSoundInternal             : exinfo->length             = 375936
[LOG] SystemI::createSoundInternal             : exinfo->fileoffset         = 11488
[LOG] SystemI::createSoundInternal             : exinfo->numsubsounds       = 1
[LOG] SystemI::createSoundInternal             : exinfo->inclusionlist      = 000000CCD40FEEA8
[LOG] SystemI::createSoundInternal             : exinfo->inclusionlistnum   = 1
[LOG] SystemI::createSoundInternal             : exinfo->suggestedsoundtype = 5
[LOG] SystemI::createSoundInternal             : exinfo->useropen           = 00007FF953B65B90
[LOG] SystemI::createSoundInternal             : exinfo->userclose          = 00007FF953B65B50
[LOG] SystemI::createSoundInternal             : exinfo->userread           = 00007FF953B65C70
[LOG] SystemI::createSoundInternal             : exinfo->userseek           = 00007FF953B65D30
[LOG] SystemI::createSoundInternal             : exinfo->fileuserdata       = 0000023D5C7DA428
[LOG] SystemI::createSoundInternal             : exinfo->initialseekpostype = 1
[LOG] SystemI::DSPCodecPoolRegister            : register codec pool for pool type 5
[LOG] SystemI::createSoundInternal             : Sample 0/1: name='DammageEnemy1', format=5, channels=2, frequency=48000, lengthbytes=4352, lengthpcm=36000, pcmblocksize=0, loopstart=0, loopend=0, mode=0x00000000, channelmask=0x00000000, channelorder=0, peakvolume=0.122086.
[LOG] SystemI::createSoundInternal             : Create name='', mode=0x02000202
[LOG] SystemI::createSoundInternal             : exinfo->cbsize             = 224
[LOG] SystemI::createSoundInternal             : exinfo->length             = 375936
[LOG] SystemI::createSoundInternal             : exinfo->fileoffset         = 11488
[LOG] SystemI::createSoundInternal             : exinfo->numsubsounds       = 1
[LOG] SystemI::createSoundInternal             : exinfo->inclusionlist      = 000000CCD40FEEA8
[LOG] SystemI::createSoundInternal             : exinfo->inclusionlistnum   = 1
[LOG] SystemI::createSoundInternal             : exinfo->suggestedsoundtype = 5
[LOG] SystemI::createSoundInternal             : exinfo->useropen           = 00007FF953B65B90
[LOG] SystemI::createSoundInternal             : exinfo->userclose          = 00007FF953B65B50
[LOG] SystemI::createSoundInternal             : exinfo->userread           = 00007FF953B65C70
[LOG] SystemI::createSoundInternal             : exinfo->userseek           = 00007FF953B65D30
[LOG] SystemI::createSoundInternal             : exinfo->fileuserdata       = 0000023F0DFA2A08
[LOG] SystemI::createSoundInternal             : exinfo->initialseekpostype = 1
[LOG] SystemI::DSPCodecPoolRegister            : register codec pool for pool type 5
[LOG] SystemI::createSoundInternal             : Sample 0/1: name='GhostDeath1', format=5, channels=2, frequency=48000, lengthbytes=6048, lengthpcm=36000, pcmblocksize=0, loopstart=0, loopend=0, mode=0x00000000, channelmask=0x00000000, channelorder=0, peakvolume=0.155876.
[LOG] SystemI::createSoundInternal             : Create name='', mode=0x02000202
[LOG] SystemI::createSoundInternal             : exinfo->cbsize             = 224
[LOG] SystemI::createSoundInternal             : exinfo->length             = 375936
[LOG] SystemI::createSoundInternal             : exinfo->fileoffset         = 11488
[LOG] SystemI::createSoundInternal             : exinfo->numsubsounds       = 1
[LOG] SystemI::createSoundInternal             : exinfo->inclusionlist      = 000000CCD40FEEA8
[LOG] SystemI::createSoundInternal             : exinfo->inclusionlistnum   = 1
[LOG] SystemI::createSoundInternal             : exinfo->suggestedsoundtype = 5
[LOG] SystemI::createSoundInternal             : exinfo->useropen           = 00007FF953B65B90
[LOG] SystemI::createSoundInternal             : exinfo->userclose          = 00007FF953B65B50
[LOG] SystemI::createSoundInternal             : exinfo->userread           = 00007FF953B65C70
[LOG] SystemI::createSoundInternal             : exinfo->userseek           = 00007FF953B65D30
[LOG] SystemI::createSoundInternal             : exinfo->fileuserdata       = 0000023F0DFA2A08
[LOG] SystemI::createSoundInternal             : exinfo->initialseekpostype = 1
[LOG] SystemI::DSPCodecPoolRegister            : register codec pool for pool type 5
[LOG] SystemI::createSoundInternal             : Sample 0/1: name='GhostDeath2', format=5, channels=2, frequency=48000, lengthbytes=5792, lengthpcm=36000, pcmblocksize=0, loopstart=0, loopend=0, mode=0x00000000, channelmask=0x00000000, channelorder=0, peakvolume=0.144570.
[LOG] SystemI::createSoundInternal             : Create name='', mode=0x02000202
[LOG] SystemI::createSoundInternal             : exinfo->cbsize             = 224
[LOG] SystemI::createSoundInternal             : exinfo->length             = 375936
[LOG] SystemI::createSoundInternal             : exinfo->fileoffset         = 11488
[LOG] SystemI::createSoundInternal             : exinfo->numsubsounds       = 1
[LOG] SystemI::createSoundInternal             : exinfo->inclusionlist      = 000000CCD40FEEA8
[LOG] SystemI::createSoundInternal             : exinfo->inclusionlistnum   = 1
[LOG] SystemI::createSoundInternal             : exinfo->suggestedsoundtype = 5
[LOG] SystemI::createSoundInternal             : exinfo->useropen           = 00007FF953B65B90
[LOG] SystemI::createSoundInternal             : exinfo->userclose          = 00007FF953B65B50
[LOG] SystemI::createSoundInternal             : exinfo->userread           = 00007FF953B65C70
[LOG] SystemI::createSoundInternal             : exinfo->userseek           = 00007FF953B65D30
[LOG] SystemI::createSoundInternal             : exinfo->fileuserdata       = 0000023F0DFA2A08
[LOG] SystemI::createSoundInternal             : exinfo->initialseekpostype = 1
[LOG] SystemI::DSPCodecPoolRegister            : register codec pool for pool type 5
[LOG] SystemI::createSoundInternal             : Sample 0/1: name='GhostDeath3', format=5, channels=2, frequency=48000, lengthbytes=5440, lengthpcm=36000, pcmblocksize=0, loopstart=0, loopend=0, mode=0x00000000, channelmask=0x00000000, channelorder=0, peakvolume=0.135309.
[LOG] SystemI::createSoundInternal             : Create name='', mode=0x02000202
[LOG] SystemI::createSoundInternal             : exinfo->cbsize             = 224
[LOG] SystemI::createSoundInternal             : exinfo->length             = 375936
[LOG] SystemI::createSoundInternal             : exinfo->fileoffset         = 11488
[LOG] SystemI::createSoundInternal             : exinfo->numsubsounds       = 1
[LOG] SystemI::createSoundInternal             : exinfo->inclusionlist      = 000000CCD40FEEA8
[LOG] SystemI::createSoundInternal             : exinfo->inclusionlistnum   = 1
[LOG] SystemI::createSoundInternal             : exinfo->suggestedsoundtype = 5
[LOG] SystemI::createSoundInternal             : exinfo->useropen           = 00007FF953B65B90
[LOG] SystemI::createSoundInternal             : exinfo->userclose          = 00007FF953B65B50
[LOG] SystemI::createSoundInternal             : exinfo->userread           = 00007FF953B65C70
[LOG] SystemI::createSoundInternal             : exinfo->userseek           = 00007FF953B65D30
[LOG] SystemI::createSoundInternal             : exinfo->fileuserdata       = 0000023EB2EDF868
[LOG] SystemI::createSoundInternal             : exinfo->initialseekpostype = 1
[LOG] SystemI::DSPCodecPoolRegister            : register codec pool for pool type 5
[LOG] SystemI::createSoundInternal             : Sample 0/1: name='Collect1', format=5, channels=2, frequency=48000, lengthbytes=4960, lengthpcm=36000, pcmblocksize=0, loopstart=0, loopend=0, mode=0x00000000, channelmask=0x00000000, channelorder=0, peakvolume=0.334083.
[LOG] SystemI::createSoundInternal             : Create name='', mode=0x02000202
[LOG] SystemI::createSoundInternal             : exinfo->cbsize             = 224
[LOG] SystemI::createSoundInternal             : exinfo->length             = 375936
[LOG] SystemI::createSoundInternal             : exinfo->fileoffset         = 11488
[LOG] SystemI::createSoundInternal             : exinfo->numsubsounds       = 1
[LOG] SystemI::createSoundInternal             : exinfo->inclusionlist      = 000000CCD40FEEA8
[LOG] SystemI::createSoundInternal             : exinfo->inclusionlistnum   = 1
[LOG] SystemI::createSoundInternal             : exinfo->suggestedsoundtype = 5
[LOG] SystemI::createSoundInternal             : exinfo->useropen           = 00007FF953B65B90
[LOG] SystemI::createSoundInternal             : exinfo->userclose          = 00007FF953B65B50
[LOG] SystemI::createSoundInternal             : exinfo->userread           = 00007FF953B65C70
[LOG] SystemI::createSoundInternal             : exinfo->userseek           = 00007FF953B65D30
[LOG] SystemI::createSoundInternal             : exinfo->fileuserdata       = 0000023EB2EDF868
[LOG] SystemI::createSoundInternal             : exinfo->initialseekpostype = 1
[LOG] SystemI::DSPCodecPoolRegister            : register codec pool for pool type 5
[LOG] SystemI::createSoundInternal             : Sample 0/1: name='Collect3', format=5, channels=2, frequency=48000, lengthbytes=5024, lengthpcm=36000, pcmblocksize=0, loopstart=0, loopend=0, mode=0x00000000, channelmask=0x00000000, channelorder=0, peakvolume=0.296265.
[LOG] SystemI::createSoundInternal             : Create name='', mode=0x02000202
[LOG] SystemI::createSoundInternal             : exinfo->cbsize             = 224
[LOG] SystemI::createSoundInternal             : exinfo->length             = 375936
[LOG] SystemI::createSoundInternal             : exinfo->fileoffset         = 11488
[LOG] SystemI::createSoundInternal             : exinfo->numsubsounds       = 1
[LOG] SystemI::createSoundInternal             : exinfo->inclusionlist      = 000000CCD40FEEA8
[LOG] SystemI::createSoundInternal             : exinfo->inclusionlistnum   = 1
[LOG] SystemI::createSoundInternal             : exinfo->suggestedsoundtype = 5
[LOG] SystemI::createSoundInternal             : exinfo->useropen           = 00007FF953B65B90
[LOG] SystemI::createSoundInternal             : exinfo->userclose          = 00007FF953B65B50
[LOG] SystemI::createSoundInternal             : exinfo->userread           = 00007FF953B65C70
[LOG] SystemI::createSoundInternal             : exinfo->userseek           = 00007FF953B65D30
[LOG] SystemI::createSoundInternal             : exinfo->fileuserdata       = 0000023EB2EDF868
[LOG] SystemI::createSoundInternal             : exinfo->initialseekpostype = 1
[LOG] SystemI::DSPCodecPoolRegister            : register codec pool for pool type 5
[LOG] SystemI::createSoundInternal             : Sample 0/1: name='Collect2', format=5, channels=2, frequency=48000, lengthbytes=3776, lengthpcm=36000, pcmblocksize=0, loopstart=0, loopend=0, mode=0x00000000, channelmask=0x00000000, channelorder=0, peakvolume=0.329708.
[LOG] SystemI::createSound                     : filename = Assets/FMOD/DeuxEnUn/Build/Desktop/Music.bank : mode 02010082
[LOG] SystemI::createSound                     : FMOD_NONBLOCKING specified.  Putting into queue to be opened asynchronously!
[LOG] AsyncThread::add                         : add sound to async queue : soundi = 0000023D67635C88, queue head = 0000023D68ACBFE8, queue count = 0
[LOG] AsyncThread::threadFunc                  : Starting Asynchronous operation on sound 0000023D67635C88
[LOG] SystemI::createSoundInternal             :     Create name='Assets/FMOD/DeuxEnUn/Build/Desktop/Music.bank', mode=0x02010082
[LOG] SystemI::createSoundInternal             :     exinfo->cbsize             = 224
[LOG] SystemI::createSoundInternal             :     exinfo->length             = 295520
[LOG] SystemI::createSoundInternal             :     exinfo->fileoffset         = 2208
[LOG] SystemI::createSoundInternal             :     exinfo->numsubsounds       = 1
[LOG] SystemI::createSoundInternal             :     exinfo->inclusionlist      = 0000023D57C1FD90
[LOG] SystemI::createSoundInternal             :     exinfo->inclusionlistnum   = 1
[LOG] SystemI::createSoundInternal             :     exinfo->suggestedsoundtype = 5
[LOG] SystemI::createSoundInternal             :     exinfo->initialseekpostype = 1
[LOG] SystemI::createSoundInternal             :     Stream 0/1: name='MusiqueMenu', format=5, channels=2, frequency=48000, lengthbytes=295200, lengthpcm=1152000, pcmblocksize=0, loopstart=0, loopend=0, mode=0x00000000, channelmask=0x00000000, channelorder=0, peakvolume=0.663166.
[LOG] AsyncThread::threadFunc                  : Finished Asynchronous operation on sound 0000023D67635C88
[LOG] SystemI::createSound                     : filename = Assets/FMOD/DeuxEnUn/Build/Desktop/Master.bank : mode 02010082
[LOG] SystemI::createSound                     : FMOD_NONBLOCKING specified.  Putting into queue to be opened asynchronously!
[LOG] AsyncThread::add                         : add sound to async queue : soundi = 0000023D5C4B8408, queue head = 0000023D68ACBFE8, queue count = 0
[LOG] AsyncThread::threadFunc                  : Starting Asynchronous operation on sound 0000023D5C4B8408
[LOG] SystemI::createSoundInternal             :     Create name='Assets/FMOD/DeuxEnUn/Build/Desktop/Master.bank', mode=0x02010082
[LOG] SystemI::createSoundInternal             :     exinfo->cbsize             = 224
[LOG] SystemI::createSoundInternal             :     exinfo->length             = 375936
[LOG] SystemI::createSoundInternal             :     exinfo->fileoffset         = 11488
[LOG] SystemI::createSoundInternal             :     exinfo->numsubsounds       = 1
[LOG] SystemI::createSoundInternal             :     exinfo->inclusionlist      = 0000023D57C20150
[LOG] SystemI::createSoundInternal             :     exinfo->inclusionlistnum   = 1
[LOG] SystemI::createSoundInternal             :     exinfo->suggestedsoundtype = 5
[LOG] SystemI::createSoundInternal             :     exinfo->initialseekpostype = 1
[LOG] SystemI::createSoundInternal             :     Stream 0/1: name='Wind', format=5, channels=2, frequency=48000, lengthbytes=308608, lengthpcm=2232000, pcmblocksize=0, loopstart=0, loopend=0, mode=0x00000000, channelmask=0x00000000, channelorder=0, peakvolume=0.127132.
[LOG] AsyncThread::threadFunc                  : Finished Asynchronous operation on sound 0000023D5C4B8408
[LOG] SystemI::createSound                     : filename = Assets/FMOD/DeuxEnUn/Build/Desktop/Master.bank : mode 02010082
[LOG] SystemI::createSound                     : FMOD_NONBLOCKING specified.  Putting into queue to be opened asynchronously!
[LOG] AsyncThread::add                         : add sound to async queue : soundi = 0000023F0D41F0C8, queue head = 0000023D68ACBFE8, queue count = 0
[LOG] AsyncThread::threadFunc                  : Starting Asynchronous operation on sound 0000023F0D41F0C8
[LOG] SystemI::createSoundInternal             :     Create name='Assets/FMOD/DeuxEnUn/Build/Desktop/Master.bank', mode=0x02010082
[LOG] SystemI::createSoundInternal             :     exinfo->cbsize             = 224
[LOG] SystemI::createSoundInternal             :     exinfo->length             = 375936
[LOG] SystemI::createSoundInternal             :     exinfo->fileoffset         = 11488
[LOG] SystemI::createSoundInternal             :     exinfo->numsubsounds       = 1
[LOG] SystemI::createSoundInternal             :     exinfo->inclusionlist      = 0000023DC2AF5FE0
[LOG] SystemI::createSoundInternal             :     exinfo->inclusionlistnum   = 1
[LOG] SystemI::createSoundInternal             :     exinfo->suggestedsoundtype = 5
[LOG] SystemI::createSoundInternal             :     exinfo->initialseekpostype = 1
[LOG] SystemI::createSoundInternal             :     Stream 0/1: name='Wind', format=5, channels=2, frequency=48000, lengthbytes=308608, lengthpcm=2232000, pcmblocksize=0, loopstart=0, loopend=0, mode=0x00000000, channelmask=0x00000000, channelorder=0, peakvolume=0.127132.
[LOG] AsyncThread::threadFunc                  : Finished Asynchronous operation on sound 0000023F0D41F0C8
[LOG] SoundI::release                          : Wind (0000023F0D41EBB8)
[LOG] SoundI::release                          :     Wind (0000023EFF73D458)
[LOG] SoundI::release                          :     Wind (0000023D57CF85C8)
[LOG] SystemI::createSound                     : filename = Assets/FMOD/DeuxEnUn/Build/Desktop/Music.bank : mode 02010082
[LOG] SystemI::createSound                     : FMOD_NONBLOCKING specified.  Putting into queue to be opened asynchronously!
[LOG] AsyncThread::add                         : add sound to async queue : soundi = 0000023F0D41EF18, queue head = 0000023D68ACBFE8, queue count = 0
[LOG] AsyncThread::threadFunc                  : Starting Asynchronous operation on sound 0000023F0D41EF18
[LOG] SystemI::createSoundInternal             :     Create name='Assets/FMOD/DeuxEnUn/Build/Desktop/Music.bank', mode=0x02010082
[LOG] SystemI::createSoundInternal             :     exinfo->cbsize             = 224
[LOG] SystemI::createSoundInternal             :     exinfo->length             = 295520
[LOG] SystemI::createSoundInternal             :     exinfo->fileoffset         = 2208
[LOG] SystemI::createSoundInternal             :     exinfo->numsubsounds       = 1
[LOG] SystemI::createSoundInternal             :     exinfo->inclusionlist      = 0000023DC2AF5C20
[LOG] SystemI::createSoundInternal             :     exinfo->inclusionlistnum   = 1
[LOG] SystemI::createSoundInternal             :     exinfo->suggestedsoundtype = 5
[LOG] SystemI::createSoundInternal             :     exinfo->initialseekpostype = 1
[LOG] SystemI::createSoundInternal             :     Stream 0/1: name='MusiqueMenu', format=5, channels=2, frequency=48000, lengthbytes=295200, lengthpcm=1152000, pcmblocksize=0, loopstart=0, loopend=0, mode=0x00000000, channelmask=0x00000000, channelorder=0, peakvolume=0.663166.
[LOG] AsyncThread::threadFunc                  : Finished Asynchronous operation on sound 0000023F0D41EF18
[LOG] SoundI::release                          : MusiqueMenu (0000023D67635C88)
[LOG] SoundI::release                          :     MusiqueMenu (0000023F0DD11F48)
[LOG] SoundI::release                          :     MusiqueMenu (0000023D568E4C48)
[LOG] SoundI::release                          : MusiqueMenu (0000023F0D41EF18)
[LOG] SoundI::release                          :     MusiqueMenu (0000023F003C21A8)
[LOG] SoundI::release                          :     MusiqueMenu (0000023E29308638)
[LOG] SoundI::release                          : Wind (0000023F0D41F0C8)
[LOG] SoundI::release                          :     Wind (0000023D15EF0C08)
[LOG] SoundI::release                          :     Wind (0000023E8325D2C8)
[LOG] SoundI::release                          : Wind (0000023D5C4B8408)
[LOG] SoundI::release                          :     Wind (0000023F0DD11C08)
[LOG] SoundI::release                          :     Wind (0000023D568E48E8)
[LOG] SoundI::release                          :  (0000023D58E0E398)
[LOG] SoundI::release                          :     GhostDeath1 (0000023EFF73DAD8)
[LOG] SoundI::release                          :  (0000023D58E0D988)
[LOG] SoundI::release                          :     GhostDeath2 (0000023EFF73DC78)
[LOG] SoundI::release                          :  (0000023D58E0E228)
[LOG] SoundI::release                          :     GhostDeath3 (0000023EFF73DE18)
[LOG] SoundI::release                          :  (0000023EA4902238)
[LOG] SoundI::release                          :     Collect1 (0000023E835F2568)
[LOG] SoundI::release                          :  (0000023EA49020C8)
[LOG] SoundI::release                          :     Collect2 (0000023EA4B38A28)
[LOG] SoundI::release                          :  (0000023EA4901C78)
[LOG] SoundI::release                          :     Collect3 (0000023EA4B38888)
[LOG] SoundI::release                          :  (0000023F0E017B48)
[LOG] SoundI::release                          :     DammageEnemy1 (0000023D164A6D58)
[LOG] SoundI::release                          :  (0000023F0E017418)
[LOG] SoundI::release                          :     DammageEnemy2 (0000023EFEE4AB28)
[LOG] SoundI::release                          :  (0000023F0E017868)
[LOG] SoundI::release                          :     DammageEnemy3 (0000023EFEE4B1A8)
[LOG] SoundI::release                          :  (0000023D68F762F8)
[LOG] SoundI::release                          :     Fire1 (0000023E399E42A8)
[LOG] SoundI::release                          :  (0000023D68F76188)
[LOG] SoundI::release                          :     Fire2 (0000023D15E72948)
[LOG] SoundI::release                          :  (0000023D68F75EA8)
[LOG] SoundI::release                          :     Fire3 (0000023E399E4108)
[LOG] Thread::callback                         : FMOD Studio update thread finished.
[LOG] Thread::callback                         : FMOD Studio bank load thread finished.
[LOG] Profile::disconnectAll                   : Profiler disconnecting all clients
[LOG] Thread::callback                         : FMOD Studio sample load thread finished.
[LOG] LiveUpdate::release                      : 
[LOG] LiveUpdate::reset                        : Reset connection (reason Disconnected)
[LOG] Thread::callback                         : FMOD stream thread finished.
[LOG] Thread::callback                         : FMOD mixer thread finished.
[LOG] Profile::disconnectAll                   : Profiler disconnecting all clients
[LOG] SystemI::close                           : Closed.
[ERR] OutputWASAPI::mixerThread                : GetCurrentPadding returned 0x88890004.  Device was unplugged!
[ERR] OutputWASAPI::mixerThread                : GetCurrentPadding returned 0x88890004.  Device was unplugged!
[ERR] OutputWASAPI::mixerThread                : GetCurrentPadding returned 0x88890004.  Device was unplugged!
[ERR] OutputWASAPI::mixerThread                : GetCurrentPadding returned 0x88890004.  Device was unplugged!
[ERR] OutputWASAPI::mixerThread                : GetCurrentPadding returned 0x88890004.  Device was unplugged!
[ERR] OutputWASAPI::mixerThread                : GetCurrentPadding returned 0x88890004.  Device was unplugged!
[ERR] OutputWASAPI::mixerThread                : GetCurrentPadding returned 0x88890004.  Device was unplugged!
[ERR] OutputWASAPI::mixerThread                : GetCurrentPadding returned 0x88890004.  Device was unplugged!
[ERR] OutputWASAPI::mixerThread                : GetCurrentPadding returned 0x88890004.  Device was unplugged!
[ERR] OutputWASAPI::mixerThread                : GetCurrentPadding returned 0x88890004.  Device was unplugged!
[ERR] OutputWASAPI::mixerThread                : GetCurrentPadding returned 0x88890004.  Device was unplugged!
[LOG] Thread::callback                         : FMOD mixer thread finished.
[LOG] OutputWASAPI::init                       : Mix Format (WAVEFORMATEX): wFormatTag=0xFFFE, nChannels=2, nSamplesPerSec=48000, nAvgBytesPerSec=384000, nBlockAlign=8, wBitsPerSample=32, cbSize=22.
[LOG] OutputWASAPI::init                       : Mix Format (WAVEFORMATEXTENSIBLE): wValidBitsPerSample=32, dwChannelMask=0x00000003, SubFormat=00000003-0000-0010-8000-00AA00389B71.
[LOG] OutputWASAPI::init                       : Output buffer size: 4096 samples, latency: 0.00ms, period: 10.00ms, DSP buffer: 1024 * 4
[LOG] Thread::initThread                       : Init FMOD mixer thread. Affinity: 0x4000000000000001, Priority: 0xFFFF7FFA, Stack Size: 81920, Semaphore: No, Sleep Time: 0, Looping: Yes.
[LOG] Thread::callback                         : FMOD mixer thread finished.
[LOG] OutputWASAPI::init                       : Mix Format (WAVEFORMATEX): wFormatTag=0xFFFE, nChannels=2, nSamplesPerSec=48000, nAvgBytesPerSec=384000, nBlockAlign=8, wBitsPerSample=32, cbSize=22.
[LOG] OutputWASAPI::init                       : Mix Format (WAVEFORMATEXTENSIBLE): wValidBitsPerSample=32, dwChannelMask=0x00000003, SubFormat=00000003-0000-0010-8000-00AA00389B71.
[LOG] OutputWASAPI::init                       : Output buffer size: 4096 samples, latency: 0.00ms, period: 10.00ms, DSP buffer: 1024 * 4
[LOG] Thread::initThread                       : Init FMOD mixer thread. Affinity: 0x4000000000000001, Priority: 0xFFFF7FFA, Stack Size: 81920, Semaphore: No, Sleep Time: 0, Looping: Yes.
[LOG] Thread::callback                         : FMOD Studio bank load thread finished.
[LOG] Thread::callback                         : FMOD Studio sample load thread finished.
[LOG] LiveUpdate::release                      : 
[LOG] LiveUpdate::reset                        : Reset connection (reason Disconnected)
[LOG] Thread::callback                         : FMOD stream thread finished.
[LOG] Thread::callback                         : FMOD mixer thread finished.
[LOG] SystemI::close                           : Closed.
[LOG] Thread::callback                         : FMOD nonblocking thread (0) finished.
[LOG] Thread::callback                         : FMOD file thread finished.
